[22-Feb-2016 06:59:59 UTC] PHP Fatal error:  Allowed memory size of 134217728 bytes exhausted (tried to allocate 133955559 bytes) in /home/ubuntu/workspace/Labs/two/index.php on line 26
[22-Feb-2016 06:59:59 UTC] PHP Stack trace:
[22-Feb-2016 06:59:59 UTC] PHP   1. {main}() /home/ubuntu/workspace/Labs/two/index.php:0
[22-Feb-2016 06:59:59 UTC] PHP   2. printRow($c1 = *uninitialized*, $c2 = *uninitialized*, $c3 = *uninitialized*, $c4 = *uninitialized*, $c5 = *uninitialized*, $c6 = *uninitialized*, $c7 = *uninitialized*) /home/ubuntu/workspace/Labs/two/index.php:5
[22-Feb-2016 07:00:45 UTC] PHP Fatal error:  Allowed memory size of 134217728 bytes exhausted (tried to allocate 133955559 bytes) in /home/ubuntu/workspace/Labs/two/led.php on line 26
[22-Feb-2016 07:00:45 UTC] PHP Stack trace:
[22-Feb-2016 07:00:45 UTC] PHP   1. {main}() /home/ubuntu/workspace/Labs/two/led.php:0
[22-Feb-2016 07:00:45 UTC] PHP   2. printRow($c1 = *uninitialized*, $c2 = *uninitialized*, $c3 = *uninitialized*, $c4 = *uninitialized*, $c5 = *uninitialized*, $c6 = *uninitialized*, $c7 = *uninitialized*) /home/ubuntu/workspace/Labs/two/led.php:5
[22-Feb-2016 07:03:24 UTC] PHP Fatal error:  Allowed memory size of 134217728 bytes exhausted (tried to allocate 133955559 bytes) in /home/ubuntu/workspace/Labs/two/led.php on line 26
[22-Feb-2016 07:03:24 UTC] PHP Stack trace:
[22-Feb-2016 07:03:24 UTC] PHP   1. {main}() /home/ubuntu/workspace/Labs/two/led.php:0
[22-Feb-2016 07:03:24 UTC] PHP   2. printRow($c1 = *uninitialized*, $c2 = *uninitialized*, $c3 = *uninitialized*, $c4 = *uninitialized*, $c5 = *uninitialized*, $c6 = *uninitialized*, $c7 = *uninitialized*) /home/ubuntu/workspace/Labs/two/led.php:5
[22-Feb-2016 07:07:14 UTC] PHP Fatal error:  Allowed memory size of 134217728 bytes exhausted (tried to allocate 133955560 bytes) in /home/ubuntu/workspace/Labs/two/led.php on line 24
[22-Feb-2016 07:07:14 UTC] PHP Stack trace:
[22-Feb-2016 07:07:14 UTC] PHP   1. {main}() /home/ubuntu/workspace/Labs/two/led.php:0
[22-Feb-2016 07:07:14 UTC] PHP   2. printRow($c1 = *uninitialized*, $c2 = *uninitialized*, $c3 = *uninitialized*, $c4 = *uninitialized*, $c5 = *uninitialized*, $c6 = *uninitialized*, $c7 = *uninitialized*) /home/ubuntu/workspace/Labs/two/led.php:32
[22-Feb-2016 07:08:58 UTC] PHP Fatal error:  Allowed memory size of 134217728 bytes exhausted (tried to allocate 133955560 bytes) in /home/ubuntu/workspace/Labs/two/led.php on line 24
[22-Feb-2016 07:08:58 UTC] PHP Stack trace:
[22-Feb-2016 07:08:58 UTC] PHP   1. {main}() /home/ubuntu/workspace/Labs/two/led.php:0
[22-Feb-2016 07:08:58 UTC] PHP   2. printRow($c1 = *uninitialized*, $c2 = *uninitialized*, $c3 = *uninitialized*, $c4 = *uninitialized*, $c5 = *uninitialized*, $c6 = *uninitialized*, $c7 = *uninitialized*) /home/ubuntu/workspace/Labs/two/led.php:32
[22-Feb-2016 07:11:53 UTC] PHP Warning:  func_get_arg() expects exactly 1 parameter, 0 given in /home/ubuntu/workspace/Labs/two/led.php on line 15
[22-Feb-2016 07:11:53 UTC] PHP Stack trace:
[22-Feb-2016 07:11:53 UTC] PHP   1. {main}() /home/ubuntu/workspace/Labs/two/led.php:0
[22-Feb-2016 07:11:53 UTC] PHP   2. printRow($c1 = *uninitialized*, $c2 = *uninitialized*, $c3 = *uninitialized*, $c4 = *uninitialized*, $c5 = *uninitialized*, $c6 = *uninitialized*, $c7 = *uninitialized*) /home/ubuntu/workspace/Labs/two/led.php:32
[22-Feb-2016 07:11:53 UTC] PHP   3. func_get_arg() /home/ubuntu/workspace/Labs/two/led.php:15
[22-Feb-2016 07:17:08 UTC] PHP Fatal error:  Allowed memory size of 134217728 bytes exhausted (tried to allocate 133955560 bytes) in /home/ubuntu/workspace/Labs/two/led.php on line 24
[22-Feb-2016 07:17:08 UTC] PHP Stack trace:
[22-Feb-2016 07:17:08 UTC] PHP   1. {main}() /home/ubuntu/workspace/Labs/two/led.php:0
[22-Feb-2016 07:17:08 UTC] PHP   2. printRow($c1 = *uninitialized*, $c2 = *uninitialized*, $c3 = *uninitialized*, $c4 = *uninitialized*, $c5 = *uninitialized*, $c6 = *uninitialized*, $c7 = *uninitialized*) /home/ubuntu/workspace/Labs/two/led.php:32
[22-Feb-2016 07:17:25 UTC] PHP Fatal error:  Allowed memory size of 134217728 bytes exhausted (tried to allocate 133955560 bytes) in /home/ubuntu/workspace/Labs/two/led.php on line 24
[22-Feb-2016 07:17:25 UTC] PHP Stack trace:
[22-Feb-2016 07:17:25 UTC] PHP   1. {main}() /home/ubuntu/workspace/Labs/two/led.php:0
[22-Feb-2016 07:17:25 UTC] PHP   2. printRow() /home/ubuntu/workspace/Labs/two/led.php:32
[22-Feb-2016 07:19:37 UTC] PHP Parse error:  syntax error, unexpected '{' in /home/ubuntu/workspace/Labs/two/led.php on line 24
